<?xml version="1.0" encoding="UTF-8"?>
<!-- Generated by org.testng.reporters.JUnitReportReporter -->
<testsuite skipped="0" hostname="ARUN" name="com.sgtesting.testassignments.Assignment6" tests="11" failures="0" timestamp="2021-06-02T17:42:55 IST" time="33.836" errors="0">
  <testcase name="launchBrowser" time="7.088" classname="com.sgtesting.testassignments.Assignment6"/>
  <system-out/>
  <testcase name="navigate" time="4.492" classname="com.sgtesting.testassignments.Assignment6"/>
  <system-out/>
  <testcase name="login" time="3.203" classname="com.sgtesting.testassignments.Assignment6"/>
  <system-out/>
  <testcase name="minimizeFlyOutWindow" time="6.608" classname="com.sgtesting.testassignments.Assignment6"/>
  <system-out/>
  <testcase name="createCustomer" time="8.157" classname="com.sgtesting.testassignments.Assignment6"/>
  <system-out/>
  <testcase name="createProject" time="1.144" classname="com.sgtesting.testassignments.Assignment6"/>
  <system-out/>
  <testcase name="deleteCustomer" time="1.089" classname="com.sgtesting.testassignments.Assignment6"/>
  <system-out/>
  <testcase name="deleteProject" time="0.044" classname="com.sgtesting.testassignments.Assignment6"/>
  <system-out/>
  <testcase name="modifyProject" time="0.051" classname="com.sgtesting.testassignments.Assignment6"/>
  <system-out/>
  <testcase name="logout" time="1.142" classname="com.sgtesting.testassignments.Assignment6"/>
  <system-out/>
  <testcase name="closeApplication" time="0.818" classname="com.sgtesting.testassignments.Assignment6"/>
  <system-out/>
</testsuite> <!-- com.sgtesting.testassignments.Assignment6 -->
