<?xml version="1.0" encoding="UTF-8"?>
<!-- Generated by org.testng.reporters.JUnitReportReporter -->
<testsuite skipped="0" hostname="ARUN" name="com.sgtesting.testassignments.Assignment4" tests="9" failures="0" timestamp="2021-06-02T17:37:52 IST" time="29.722" errors="0">
  <testcase name="launchBrowser" time="5.088" classname="com.sgtesting.testassignments.Assignment4"/>
  <system-out/>
  <testcase name="navigate" time="7.352" classname="com.sgtesting.testassignments.Assignment4"/>
  <system-out/>
  <testcase name="login" time="2.698" classname="com.sgtesting.testassignments.Assignment4"/>
  <system-out/>
  <testcase name="minimizeFlyOutWindow" time="3.486" classname="com.sgtesting.testassignments.Assignment4"/>
  <system-out/>
  <testcase name="createCustomer" time="7.300" classname="com.sgtesting.testassignments.Assignment4"/>
  <system-out/>
  <testcase name="deleteCustomer" time="1.150" classname="com.sgtesting.testassignments.Assignment4"/>
  <system-out/>
  <testcase name="modifyCustomer" time="1.197" classname="com.sgtesting.testassignments.Assignment4"/>
  <system-out/>
  <testcase name="logout" time="1.144" classname="com.sgtesting.testassignments.Assignment4"/>
  <system-out/>
  <testcase name="closeApplication" time="0.307" classname="com.sgtesting.testassignments.Assignment4"/>
  <system-out/>
</testsuite> <!-- com.sgtesting.testassignments.Assignment4 -->
