<?xml version="1.0" encoding="UTF-8"?>
<!-- Generated by org.testng.reporters.JUnitReportReporter -->
<testsuite skipped="0" hostname="ARUN" name="com.sgtesting.testassignments.Assignment8" tests="11" failures="0" timestamp="2021-06-02T17:47:31 IST" time="22.106" errors="0">
  <testcase name="launchBrowser" time="4.047" classname="com.sgtesting.testassignments.Assignment8"/>
  <system-out/>
  <testcase name="navigate" time="7.201" classname="com.sgtesting.testassignments.Assignment8"/>
  <system-out/>
  <testcase name="loginAdmin" time="4.031" classname="com.sgtesting.testassignments.Assignment8"/>
  <system-out/>
  <testcase name="minimizeFlyOutWindow" time="2.840" classname="com.sgtesting.testassignments.Assignment8"/>
  <system-out/>
  <testcase name="create3Users" time="1.135" classname="com.sgtesting.testassignments.Assignment8"/>
  <system-out/>
  <testcase name="logout" time="1.200" classname="com.sgtesting.testassignments.Assignment8"/>
  <system-out/>
  <testcase name="loginandlogoutuser1" time="0.033" classname="com.sgtesting.testassignments.Assignment8"/>
  <system-out/>
  <testcase name="loginandlogoutuser2" time="0.027" classname="com.sgtesting.testassignments.Assignment8"/>
  <system-out/>
  <testcase name="loginandlogoutuser3" time="0.030" classname="com.sgtesting.testassignments.Assignment8"/>
  <system-out/>
  <testcase name="deleteUser" time="1.097" classname="com.sgtesting.testassignments.Assignment8"/>
  <system-out/>
  <testcase name="closebrowser" time="0.465" classname="com.sgtesting.testassignments.Assignment8"/>
  <system-out/>
</testsuite> <!-- com.sgtesting.testassignments.Assignment8 -->
