<?xml version="1.0" encoding="UTF-8"?>
<!-- Generated by org.testng.reporters.JUnitReportReporter -->
<testsuite skipped="0" hostname="ARUN" name="com.sgtesting.testassignments.Assignment7" tests="10" failures="0" timestamp="2021-06-02T17:46:04 IST" time="26.421" errors="0">
  <testcase name="launchBrowser" time="5.844" classname="com.sgtesting.testassignments.Assignment7"/>
  <system-out/>
  <testcase name="navigate" time="6.165" classname="com.sgtesting.testassignments.Assignment7"/>
  <system-out/>
  <testcase name="login" time="2.436" classname="com.sgtesting.testassignments.Assignment7"/>
  <system-out/>
  <testcase name="minimizeFlyOutWindow" time="1.612" classname="com.sgtesting.testassignments.Assignment7"/>
  <system-out/>
  <testcase name="createCustomer" time="6.262" classname="com.sgtesting.testassignments.Assignment7"/>
  <system-out/>
  <testcase name="createProject" time="1.176" classname="com.sgtesting.testassignments.Assignment7"/>
  <system-out/>
  <testcase name="createTasks" time="1.093" classname="com.sgtesting.testassignments.Assignment7"/>
  <system-out/>
  <testcase name="deleteTasks" time="0.042" classname="com.sgtesting.testassignments.Assignment7"/>
  <system-out/>
  <testcase name="logout" time="1.145" classname="com.sgtesting.testassignments.Assignment7"/>
  <system-out/>
  <testcase name="closeApplication" time="0.646" classname="com.sgtesting.testassignments.Assignment7"/>
  <system-out/>
</testsuite> <!-- com.sgtesting.testassignments.Assignment7 -->
