<?xml version="1.0" encoding="UTF-8"?>
<!-- Generated by org.testng.reporters.JUnitReportReporter -->
<testsuite skipped="0" hostname="ARUN" name="com.sgtesting.testassignments.Assignment5" tests="10" failures="0" timestamp="2021-06-02T17:39:38 IST" time="24.305" errors="0">
  <testcase name="launchBrowser" time="3.798" classname="com.sgtesting.testassignments.Assignment5"/>
  <system-out/>
  <testcase name="navigate" time="5.324" classname="com.sgtesting.testassignments.Assignment5"/>
  <system-out/>
  <testcase name="login" time="2.422" classname="com.sgtesting.testassignments.Assignment5"/>
  <system-out/>
  <testcase name="minimizeFlyOutWindow" time="1.385" classname="com.sgtesting.testassignments.Assignment5"/>
  <system-out/>
  <testcase name="createCustomer" time="7.304" classname="com.sgtesting.testassignments.Assignment5"/>
  <system-out/>
  <testcase name="createProject" time="1.159" classname="com.sgtesting.testassignments.Assignment5"/>
  <system-out/>
  <testcase name="deleteCustomer" time="1.133" classname="com.sgtesting.testassignments.Assignment5"/>
  <system-out/>
  <testcase name="deleteProject" time="0.033" classname="com.sgtesting.testassignments.Assignment5"/>
  <system-out/>
  <testcase name="logout" time="1.141" classname="com.sgtesting.testassignments.Assignment5"/>
  <system-out/>
  <testcase name="closeApplication" time="0.606" classname="com.sgtesting.testassignments.Assignment5"/>
  <system-out/>
</testsuite> <!-- com.sgtesting.testassignments.Assignment5 -->
