<?xml version="1.0" encoding="UTF-8"?>
<!-- Generated by org.testng.reporters.JUnitReportReporter -->
<testsuite skipped="0" hostname="ARUN" name="com.sgtesting.testassignments.LoginLogout" tests="6" failures="0" timestamp="2021-06-02T17:56:04 IST" time="0.129" errors="0">
  <testcase name="launchBrowser" time="0.097" classname="com.sgtesting.testassignments.LoginLogout"/>
  <system-out/>
  <testcase name="navigate" time="0.004" classname="com.sgtesting.testassignments.LoginLogout"/>
  <system-out/>
  <testcase name="login" time="0.008" classname="com.sgtesting.testassignments.LoginLogout"/>
  <system-out/>
  <testcase name="login" time="0.011" classname="com.sgtesting.testassignments.LoginLogout"/>
  <system-out/>
  <testcase name="login" time="0.005" classname="com.sgtesting.testassignments.LoginLogout"/>
  <system-out/>
  <testcase name="closeApplication" time="0.004" classname="com.sgtesting.testassignments.LoginLogout"/>
  <system-out/>
</testsuite> <!-- com.sgtesting.testassignments.LoginLogout -->
