<?xml version="1.0" encoding="UTF-8"?>
<!-- Generated by org.testng.reporters.JUnitReportReporter -->
<testsuite skipped="0" hostname="ARUN" name="com.sgtesting.testassignments.Assignment9" tests="20" failures="0" timestamp="2021-06-02T17:49:18 IST" time="29.632" errors="0">
  <testcase name="launchBrowser" time="3.840" classname="com.sgtesting.testassignments.Assignment9"/>
  <system-out/>
  <testcase name="navigate" time="6.211" classname="com.sgtesting.testassignments.Assignment9"/>
  <system-out/>
  <testcase name="loginAdmin" time="4.425" classname="com.sgtesting.testassignments.Assignment9"/>
  <system-out/>
  <testcase name="minimizeFlyOutWindow" time="2.776" classname="com.sgtesting.testassignments.Assignment9"/>
  <system-out/>
  <testcase name="createUser1" time="1.175" classname="com.sgtesting.testassignments.Assignment9"/>
  <system-out/>
  <testcase name="logout" time="1.293" classname="com.sgtesting.testassignments.Assignment9"/>
  <system-out/>
  <testcase name="loginuser1" time="0.033" classname="com.sgtesting.testassignments.Assignment9"/>
  <system-out/>
  <testcase name="createUser2" time="1.076" classname="com.sgtesting.testassignments.Assignment9"/>
  <system-out/>
  <testcase name="loginuser2" time="0.032" classname="com.sgtesting.testassignments.Assignment9"/>
  <system-out/>
  <testcase name="createUser3" time="1.082" classname="com.sgtesting.testassignments.Assignment9"/>
  <system-out/>
  <testcase name="modifyUser1" time="1.116" classname="com.sgtesting.testassignments.Assignment9"/>
  <system-out/>
  <testcase name="loginModifieduser1" time="0.026" classname="com.sgtesting.testassignments.Assignment9"/>
  <system-out/>
  <testcase name="modifyUser2" time="1.139" classname="com.sgtesting.testassignments.Assignment9"/>
  <system-out/>
  <testcase name="loginModifieduser2" time="0.042" classname="com.sgtesting.testassignments.Assignment9"/>
  <system-out/>
  <testcase name="modifyUser3" time="1.120" classname="com.sgtesting.testassignments.Assignment9"/>
  <system-out/>
  <testcase name="loginModifieduser3" time="0.027" classname="com.sgtesting.testassignments.Assignment9"/>
  <system-out/>
  <testcase name="deleteuser3" time="1.126" classname="com.sgtesting.testassignments.Assignment9"/>
  <system-out/>
  <testcase name="deleteuser2" time="1.127" classname="com.sgtesting.testassignments.Assignment9"/>
  <system-out/>
  <testcase name="deleteuser1" time="1.119" classname="com.sgtesting.testassignments.Assignment9"/>
  <system-out/>
  <testcase name="closebrowser" time="0.847" classname="com.sgtesting.testassignments.Assignment9"/>
  <system-out/>
</testsuite> <!-- com.sgtesting.testassignments.Assignment9 -->
