<?xml version="1.0" encoding="UTF-8"?>
<!-- Generated by org.testng.reporters.JUnitReportReporter -->
<testsuite skipped="0" hostname="ARUN" name="com.sgtesting.testassignments.Assignment1" tests="8" failures="0" timestamp="2021-06-02T18:26:43 IST" time="96.395" errors="0">
  <testcase name="launchBrowser" time="25.930" classname="com.sgtesting.testassignments.Assignment1"/>
  <system-out/>
  <testcase name="navigate" time="30.041" classname="com.sgtesting.testassignments.Assignment1"/>
  <system-out/>
  <testcase name="login" time="11.699" classname="com.sgtesting.testassignments.Assignment1"/>
  <system-out/>
  <testcase name="minimizeFlyOutWindow" time="23.793" classname="com.sgtesting.testassignments.Assignment1"/>
  <system-out/>
  <testcase name="createUser" time="1.519" classname="com.sgtesting.testassignments.Assignment1"/>
  <system-out/>
  <testcase name="deleteUser" time="0.047" classname="com.sgtesting.testassignments.Assignment1"/>
  <system-out/>
  <testcase name="logout" time="1.188" classname="com.sgtesting.testassignments.Assignment1"/>
  <system-out/>
  <testcase name="closeApplication" time="2.178" classname="com.sgtesting.testassignments.Assignment1"/>
  <system-out/>
</testsuite> <!-- com.sgtesting.testassignments.Assignment1 -->
