<?xml version="1.0" encoding="UTF-8"?>
<!-- Generated by org.testng.reporters.JUnitReportReporter -->
<testsuite skipped="0" hostname="ARUN" name="com.sgtesting.testassignments.Assignment3" tests="8" failures="0" timestamp="2021-06-02T17:33:12 IST" time="145.618" errors="0">
  <testcase name="launchBrowser" time="69.852" classname="com.sgtesting.testassignments.Assignment3"/>
  <system-out/>
  <testcase name="navigate" time="37.611" classname="com.sgtesting.testassignments.Assignment3"/>
  <system-out/>
  <testcase name="login" time="10.218" classname="com.sgtesting.testassignments.Assignment3"/>
  <system-out/>
  <testcase name="minimizeFlyOutWindow" time="13.194" classname="com.sgtesting.testassignments.Assignment3"/>
  <system-out/>
  <testcase name="createCustomer" time="1.876" classname="com.sgtesting.testassignments.Assignment3"/>
  <system-out/>
  <testcase name="deleteCustomer" time="1.417" classname="com.sgtesting.testassignments.Assignment3"/>
  <system-out/>
  <testcase name="logout" time="1.134" classname="com.sgtesting.testassignments.Assignment3"/>
  <system-out/>
  <testcase name="closeApplication" time="10.316" classname="com.sgtesting.testassignments.Assignment3"/>
  <system-out/>
</testsuite> <!-- com.sgtesting.testassignments.Assignment3 -->
